[debug] [2020-08-21T14:45:50.889Z] ----------------------------------------------------------------------
[debug] [2020-08-21T14:45:50.893Z] Command:       C:\Program Files\nodejs\node.exe C:\Users\Leo\AppData\Roaming\npm\node_modules\firebase-tools\lib\bin\firebase.js deploy --only hosting
[debug] [2020-08-21T14:45:50.893Z] CLI Version:   8.8.1
[debug] [2020-08-21T14:45:50.893Z] Platform:      win32
[debug] [2020-08-21T14:45:50.893Z] Node Version:  v12.13.0
[debug] [2020-08-21T14:45:50.895Z] Time:          Fri Aug 21 2020 11:45:50 GMT-0300 (GMT-03:00)
[debug] [2020-08-21T14:45:50.895Z] ----------------------------------------------------------------------
[debug] [2020-08-21T14:45:50.895Z] 
[debug] [2020-08-21T14:45:50.906Z] > command requires scopes: ["email","openid","https://www.googleapis.com/auth/cloudplatformprojects.readonly","https://www.googleapis.com/auth/firebase","https://www.googleapis.com/auth/cloud-platform"]
[debug] [2020-08-21T14:45:50.907Z] > authorizing via signed-in user
[debug] [2020-08-21T14:45:50.907Z] [iam] checking project screen-record-fa168 for permissions ["firebase.projects.get","firebasehosting.sites.update"]
[debug] [2020-08-21T14:45:50.910Z] >>> HTTP REQUEST POST https://cloudresourcemanager.googleapis.com/v1/projects/screen-record-fa168:testIamPermissions  
 {"permissions":["firebase.projects.get","firebasehosting.sites.update"]}
[debug] [2020-08-21T14:45:52.337Z] <<< HTTP RESPONSE 200 {"content-type":"application/json; charset=UTF-8","vary":"X-Origin, Referer, Origin,Accept-Encoding","date":"Fri, 21 Aug 2020 14:45:52 GMT","server":"ESF","cache-control":"private","x-xss-protection":"0","x-frame-options":"SAMEORIGIN","x-content-type-options":"nosniff","server-timing":"gfet4t7; dur=731","alt-svc":"h3-29=\":443\"; ma=2592000,h3-27=\":443\"; ma=2592000,h3-T050=\":443\"; ma=2592000,h3-Q050=\":443\"; ma=2592000,h3-Q046=\":443\"; ma=2592000,h3-Q043=\":443\"; ma=2592000,quic=\":443\"; ma=2592000; v=\"46,43\"","accept-ranges":"none","transfer-encoding":"chunked"}
[debug] [2020-08-21T14:45:52.339Z] >>> HTTP REQUEST GET https://firebase.googleapis.com/v1beta1/projects/screen-record-fa168  
 
[debug] [2020-08-21T14:45:53.751Z] <<< HTTP RESPONSE 200 {"content-type":"application/json; charset=UTF-8","vary":"X-Origin, Referer, Origin,Accept-Encoding","date":"Fri, 21 Aug 2020 14:45:53 GMT","server":"ESF","cache-control":"private","x-xss-protection":"0","x-frame-options":"SAMEORIGIN","x-content-type-options":"nosniff","alt-svc":"h3-29=\":443\"; ma=2592000,h3-27=\":443\"; ma=2592000,h3-T050=\":443\"; ma=2592000,h3-Q050=\":443\"; ma=2592000,h3-Q046=\":443\"; ma=2592000,h3-Q043=\":443\"; ma=2592000,quic=\":443\"; ma=2592000; v=\"46,43\"","accept-ranges":"none","transfer-encoding":"chunked"}
[info] 
[info] === Deploying to 'screen-record-fa168'...
[info] 
[info] i  deploying hosting 
[debug] [2020-08-21T14:46:02.132Z] >>> HTTP REQUEST POST https://firebasehosting.googleapis.com/v1beta1/sites/screen-record-fa168/versions  
 {"config":{"rewrites":[{"glob":"**","path":"/index.html"}]},"labels":{"deployment-tool":"cli-firebase"}}
[debug] [2020-08-21T14:46:05.303Z] <<< HTTP RESPONSE 200 {"content-type":"application/json; charset=UTF-8","vary":"X-Origin, Referer, Origin,Accept-Encoding","date":"Fri, 21 Aug 2020 14:46:04 GMT","server":"ESF","cache-control":"private","x-xss-protection":"0","x-frame-options":"SAMEORIGIN","x-content-type-options":"nosniff","alt-svc":"h3-29=\":443\"; ma=2592000,h3-27=\":443\"; ma=2592000,h3-T050=\":443\"; ma=2592000,h3-Q050=\":443\"; ma=2592000,h3-Q046=\":443\"; ma=2592000,h3-Q043=\":443\"; ma=2592000,quic=\":443\"; ma=2592000; v=\"46,43\"","accept-ranges":"none","transfer-encoding":"chunked"}
[info] i  hosting[screen-record-fa168]: beginning deploy... 
[info] i  hosting[screen-record-fa168]: found 2 files in public 
[debug] [2020-08-21T14:46:05.321Z] [hosting] hash cache [cHVibGlj] not populated
[debug] [2020-08-21T14:46:05.332Z] [hosting] hash cache [cHVibGlj] stored for 2 files
[debug] [2020-08-21T14:46:05.332Z] [hosting][hash queue][FINAL] {"max":7,"min":5,"avg":6,"active":0,"complete":2,"success":2,"errored":0,"retried":0,"total":2,"elapsed":11}
[debug] [2020-08-21T14:46:05.332Z] >>> HTTP REQUEST POST https://firebasehosting.googleapis.com/v1beta1/sites/screen-record-fa168/versions/bf5fcfe874ff90ee:populateFiles  
 <request body omitted>
